<?xml version="1.0" encoding="UTF-8"?>
<coverage generated="1581108302798" clover="3.2.0">
  <project timestamp="1581108302799" name="All files">
    <metrics statements="28" coveredstatements="27" conditionals="6" coveredconditionals="4" methods="13" coveredmethods="13" elements="47" coveredelements="44" complexity="0" loc="28" ncloc="28" packages="1" files="1" classes="1"/>
    <file name="logic.js" path="/home/rehab/Desktop/ca/Rehab-To-do-app-/js/logic.js">
      <metrics statements="28" coveredstatements="27" conditionals="6" coveredconditionals="4" methods="13" coveredmethods="13"/>
      <line num="5" count="1" type="stmt"/>
      <line num="9" count="1" type="stmt"/>
      <line num="12" count="2" type="stmt"/>
      <line num="15" count="1" type="stmt"/>
      <line num="21" count="5" type="stmt"/>
      <line num="22" count="7" type="stmt"/>
      <line num="31" count="2" type="stmt"/>
      <line num="32" count="2" type="stmt"/>
      <line num="37" count="2" type="stmt"/>
      <line num="43" count="1" type="stmt"/>
      <line num="44" count="2" type="stmt"/>
      <line num="51" count="1" type="stmt"/>
      <line num="52" count="1" type="stmt"/>
      <line num="53" count="2" type="cond" truecount="2" falsecount="0"/>
      <line num="54" count="2" type="stmt"/>
      <line num="56" count="1" type="stmt"/>
      <line num="63" count="1" type="stmt"/>
      <line num="64" count="2" type="stmt"/>
      <line num="65" count="2" type="stmt"/>
      <line num="67" count="1" type="stmt"/>
      <line num="68" count="1" type="cond" truecount="1" falsecount="1"/>
      <line num="69" count="0" type="stmt"/>
      <line num="71" count="1" type="stmt"/>
      <line num="74" count="1" type="stmt"/>
      <line num="75" count="1" type="stmt"/>
      <line num="77" count="1" type="stmt"/>
      <line num="86" count="1" type="cond" truecount="1" falsecount="1"/>
      <line num="87" count="1" type="stmt"/>
    </file>
  </project>
</coverage>
