{"/home/rehab/Desktop/ca/Rehab-To-do-app-/js/logic.js": {"path":"/home/rehab/Desktop/ca/Rehab-To-do-app-/js/logic.js","statementMap":{"0":{"start":{"line":5,"column":20},"end":{"line":79,"column":3}},"1":{"start":{"line":9,"column":22},"end":{"line":9,"column":23}},"2":{"start":{"line":12,"column":8},"end":{"line":12,"column":32}},"3":{"start":{"line":15,"column":6},"end":{"line":15,"column":30}},"4":{"start":{"line":21,"column":6},"end":{"line":23,"column":9}},"5":{"start":{"line":22,"column":8},"end":{"line":22,"column":48}},"6":{"start":{"line":31,"column":21},"end":{"line":31,"column":61}},"7":{"start":{"line":32,"column":18},"end":{"line":36,"column":7}},"8":{"start":{"line":37,"column":6},"end":{"line":37,"column":32}},"9":{"start":{"line":43,"column":21},"end":{"line":43,"column":61}},"10":{"start":{"line":44,"column":6},"end":{"line":44,"column":59}},"11":{"start":{"line":44,"column":35},"end":{"line":44,"column":57}},"12":{"start":{"line":51,"column":21},"end":{"line":51,"column":61}},"13":{"start":{"line":52,"column":23},"end":{"line":55,"column":7}},"14":{"start":{"line":53,"column":10},"end":{"line":53,"column":61}},"15":{"start":{"line":53,"column":36},"end":{"line":53,"column":61}},"16":{"start":{"line":54,"column":10},"end":{"line":54,"column":22}},"17":{"start":{"line":56,"column":6},"end":{"line":56,"column":34}},"18":{"start":{"line":63,"column":21},"end":{"line":63,"column":61}},"19":{"start":{"line":64,"column":27},"end":{"line":64,"column":59}},"20":{"start":{"line":64,"column":49},"end":{"line":64,"column":58}},"21":{"start":{"line":65,"column":30},"end":{"line":65,"column":63}},"22":{"start":{"line":65,"column":52},"end":{"line":65,"column":62}},"23":{"start":{"line":67,"column":23},"end":{"line":73,"column":9}},"24":{"start":{"line":68,"column":10},"end":{"line":72,"column":11}},"25":{"start":{"line":69,"column":14},"end":{"line":69,"column":23}},"26":{"start":{"line":71,"column":14},"end":{"line":71,"column":24}},"27":{"start":{"line":74,"column":6},"end":{"line":74,"column":37}},"28":{"start":{"line":75,"column":6},"end":{"line":75,"column":34}},"29":{"start":{"line":77,"column":6},"end":{"line":77,"column":50}},"30":{"start":{"line":86,"column":2},"end":{"line":88,"column":3}},"31":{"start":{"line":87,"column":4},"end":{"line":87,"column":35}}},"fnMap":{"0":{"name":"(anonymous_0)","decl":{"start":{"line":8,"column":17},"end":{"line":8,"column":18}},"loc":{"start":{"line":8,"column":28},"end":{"line":16,"column":5}},"line":8},"1":{"name":"incrementCounter","decl":{"start":{"line":11,"column":15},"end":{"line":11,"column":31}},"loc":{"start":{"line":11,"column":34},"end":{"line":13,"column":7}},"line":11},"2":{"name":"(anonymous_2)","decl":{"start":{"line":20,"column":25},"end":{"line":20,"column":26}},"loc":{"start":{"line":20,"column":41},"end":{"line":24,"column":5}},"line":20},"3":{"name":"(anonymous_3)","decl":{"start":{"line":21,"column":23},"end":{"line":21,"column":24}},"loc":{"start":{"line":21,"column":37},"end":{"line":23,"column":7}},"line":21},"4":{"name":"(anonymous_4)","decl":{"start":{"line":26,"column":13},"end":{"line":26,"column":14}},"loc":{"start":{"line":26,"column":45},"end":{"line":38,"column":5}},"line":26},"5":{"name":"(anonymous_5)","decl":{"start":{"line":39,"column":16},"end":{"line":39,"column":17}},"loc":{"start":{"line":39,"column":44},"end":{"line":45,"column":5}},"line":39},"6":{"name":"(anonymous_6)","decl":{"start":{"line":44,"column":27},"end":{"line":44,"column":28}},"loc":{"start":{"line":44,"column":35},"end":{"line":44,"column":57}},"line":44},"7":{"name":"(anonymous_7)","decl":{"start":{"line":46,"column":14},"end":{"line":46,"column":15}},"loc":{"start":{"line":46,"column":40},"end":{"line":57,"column":5}},"line":46},"8":{"name":"(anonymous_8)","decl":{"start":{"line":52,"column":23},"end":{"line":52,"column":24}},"loc":{"start":{"line":52,"column":31},"end":{"line":55,"column":7}},"line":52},"9":{"name":"(anonymous_9)","decl":{"start":{"line":58,"column":15},"end":{"line":58,"column":16}},"loc":{"start":{"line":58,"column":45},"end":{"line":78,"column":5}},"line":58},"10":{"name":"(anonymous_10)","decl":{"start":{"line":64,"column":41},"end":{"line":64,"column":42}},"loc":{"start":{"line":64,"column":49},"end":{"line":64,"column":58}},"line":64},"11":{"name":"(anonymous_11)","decl":{"start":{"line":65,"column":44},"end":{"line":65,"column":45}},"loc":{"start":{"line":65,"column":52},"end":{"line":65,"column":62}},"line":65},"12":{"name":"(anonymous_12)","decl":{"start":{"line":67,"column":23},"end":{"line":67,"column":24}},"loc":{"start":{"line":67,"column":32},"end":{"line":73,"column":9}},"line":67}},"branchMap":{"0":{"loc":{"start":{"line":53,"column":10},"end":{"line":53,"column":61}},"type":"if","locations":[{"start":{"line":53,"column":10},"end":{"line":53,"column":61}},{"start":{"line":53,"column":10},"end":{"line":53,"column":61}}],"line":53},"1":{"loc":{"start":{"line":68,"column":10},"end":{"line":72,"column":11}},"type":"if","locations":[{"start":{"line":68,"column":10},"end":{"line":72,"column":11}},{"start":{"line":68,"column":10},"end":{"line":72,"column":11}}],"line":68},"2":{"loc":{"start":{"line":86,"column":2},"end":{"line":88,"column":3}},"type":"if","locations":[{"start":{"line":86,"column":2},"end":{"line":88,"column":3}},{"start":{"line":86,"column":2},"end":{"line":88,"column":3}}],"line":86}},"s":{"0":1,"1":1,"2":2,"3":1,"4":5,"5":7,"6":2,"7":2,"8":2,"9":1,"10":1,"11":2,"12":1,"13":1,"14":2,"15":1,"16":2,"17":1,"18":1,"19":1,"20":2,"21":1,"22":2,"23":1,"24":1,"25":0,"26":1,"27":1,"28":1,"29":1,"30":1,"31":1},"f":{"0":1,"1":2,"2":5,"3":7,"4":2,"5":1,"6":2,"7":1,"8":2,"9":1,"10":2,"11":2,"12":1},"b":{"0":[1,1],"1":[0,1],"2":[1,0]},"_coverageSchema":"1a1c01bbd47fc00a2c39e90264f33305004495a9","hash":"80ad3cd90d80c21649133b3daecb3b97c6dbadf2"}
}
