TN:
SF:js/logic.js
FN:8,(anonymous_0)
FN:11,incrementCounter
FN:20,(anonymous_2)
FN:21,(anonymous_3)
FN:26,(anonymous_4)
FN:39,(anonymous_5)
FN:44,(anonymous_6)
FN:46,(anonymous_7)
FN:52,(anonymous_8)
FN:58,(anonymous_9)
FN:64,(anonymous_10)
FN:65,(anonymous_11)
FN:67,(anonymous_12)
FNF:13
FNH:13
FNDA:1,(anonymous_0)
FNDA:2,incrementCounter
FNDA:5,(anonymous_2)
FNDA:7,(anonymous_3)
FNDA:2,(anonymous_4)
FNDA:1,(anonymous_5)
FNDA:2,(anonymous_6)
FNDA:1,(anonymous_7)
FNDA:2,(anonymous_8)
FNDA:1,(anonymous_9)
FNDA:2,(anonymous_10)
FNDA:2,(anonymous_11)
FNDA:1,(anonymous_12)
DA:5,1
DA:9,1
DA:12,2
DA:15,1
DA:21,5
DA:22,7
DA:31,2
DA:32,2
DA:37,2
DA:43,1
DA:44,2
DA:51,1
DA:52,1
DA:53,2
DA:54,2
DA:56,1
DA:63,1
DA:64,2
DA:65,2
DA:67,1
DA:68,1
DA:69,0
DA:71,1
DA:74,1
DA:75,1
DA:77,1
DA:86,1
DA:87,1
LF:28
LH:27
BRDA:53,0,0,1
BRDA:53,0,1,1
BRDA:68,1,0,0
BRDA:68,1,1,1
BRDA:86,2,0,1
BRDA:86,2,1,0
BRF:6
BRH:4
end_of_record
